<?xml version="1.0" encoding="UTF-8"?>
<!-- Generated by org.testng.reporters.JUnitXMLReporter -->
<testsuite ignored="46" hostname="DESKTOP-N3LRL61" failures="0" tests="1" name="Default test" time="12.052" errors="0" timestamp="2023-11-15T10:25:09 IST">
  <testcase classname="Com.QA.Tests.PagesTest" name="Home_Page_Title_Test" time="0.011"/>
  <testcase classname="Com.QA.Tests.PagesTest" name="Payment_Page_Payments_Methods_Test" time="0.0">
    <ignored/>
  </testcase> <!-- Payment_Page_Payments_Methods_Test -->
  <testcase classname="Com.QA.Tests.PagesTest" name="Verify_Add_TO_Cart_Title" time="0.0">
    <ignored/>
  </testcase> <!-- Verify_Add_TO_Cart_Title -->
  <testcase classname="Com.QA.Tests.PagesTest" name="Verify_Add_TO_Cart_Url" time="0.0">
    <ignored/>
  </testcase> <!-- Verify_Add_TO_Cart_Url -->
  <testcase classname="Com.QA.Tests.PagesTest" name="Verify_LoginPage_Login_Action_Test" time="0.0">
    <ignored/>
  </testcase> <!-- Verify_LoginPage_Login_Action_Test -->
  <testcase classname="Com.QA.Tests.PagesTest" name="Verify_LoginPage_title_Test" time="0.0">
    <ignored/>
  </testcase> <!-- Verify_LoginPage_title_Test -->
  <testcase classname="Com.QA.Tests.PagesTest" name="Verify_shoppingCart_Toatl_Test" time="0.0">
    <ignored/>
  </testcase> <!-- Verify_shoppingCart_Toatl_Test -->
  <testcase classname="Com.QA.Tests.PagesTest" name="Register_Page_Register1_Test" time="0.0">
    <ignored/>
  </testcase> <!-- Register_Page_Register1_Test -->
  <testcase classname="Com.QA.Tests.PagesTest" name="Verify_Add_TO_Cart_Product_Name" time="0.0">
    <ignored/>
  </testcase> <!-- Verify_Add_TO_Cart_Product_Name -->
  <testcase classname="Com.QA.Tests.PagesTest" name="Verify_shoppingCart_Checout_Test" time="0.0">
    <ignored/>
  </testcase> <!-- Verify_shoppingCart_Checout_Test -->
  <testcase classname="Com.QA.Tests.PagesTest" name="Verify_Add_TO_Cart_Product_Price" time="0.0">
    <ignored/>
  </testcase> <!-- Verify_Add_TO_Cart_Product_Price -->
  <testcase classname="Com.QA.Tests.PagesTest" name="Payment_Page_Shipping_Address_Test" time="0.0">
    <ignored/>
  </testcase> <!-- Payment_Page_Shipping_Address_Test -->
  <testcase classname="Com.QA.Tests.PagesTest" name="Verify_Address_Page_Data_Test" time="0.0">
    <ignored/>
  </testcase> <!-- Verify_Address_Page_Data_Test -->
  <testcase classname="Com.QA.Tests.PagesTest" name="Payment_Page_Payments_Methods_Continue_Test" time="0.0">
    <ignored/>
  </testcase> <!-- Payment_Page_Payments_Methods_Continue_Test -->
  <testcase classname="Com.QA.Tests.PagesTest" name="Payment_Page_Url_Test" time="0.0">
    <ignored/>
  </testcase> <!-- Payment_Page_Url_Test -->
  <testcase classname="Com.QA.Tests.PagesTest" name="Verify_Add_TO_Cart_Product_Specification" time="0.0">
    <ignored/>
  </testcase> <!-- Verify_Add_TO_Cart_Product_Specification -->
  <testcase classname="Com.QA.Tests.PagesTest" name="Home_Page_Customer_Currency_Test" time="0.0">
    <ignored/>
  </testcase> <!-- Home_Page_Customer_Currency_Test -->
  <testcase classname="Com.QA.Tests.PagesTest" name="Verify_shoppingCart_Product_In_Cart_Test" time="0.0">
    <ignored/>
  </testcase> <!-- Verify_shoppingCart_Product_In_Cart_Test -->
  <testcase classname="Com.QA.Tests.PagesTest" name="Verify_LoginPage_Texts_Test" time="0.0">
    <ignored/>
  </testcase> <!-- Verify_LoginPage_Texts_Test -->
  <testcase classname="Com.QA.Tests.PagesTest" name="Verify_Add_TO_Cart_Product_Full_Descirpition" time="0.0">
    <ignored/>
  </testcase> <!-- Verify_Add_TO_Cart_Product_Full_Descirpition -->
  <testcase classname="Com.QA.Tests.PagesTest" name="Verify_LoginPage_Url_Test" time="0.0">
    <ignored/>
  </testcase> <!-- Verify_LoginPage_Url_Test -->
  <testcase classname="Com.QA.Tests.PagesTest" name="Home_Page_Logo_Test" time="0.0">
    <ignored/>
  </testcase> <!-- Home_Page_Logo_Test -->
  <testcase classname="Com.QA.Tests.PagesTest" name="Verify_Address_Page_Title_Test" time="0.0">
    <ignored/>
  </testcase> <!-- Verify_Address_Page_Title_Test -->
  <testcase classname="Com.QA.Tests.PagesTest" name="Verify_shoppingCart_Gift_Test" time="0.0">
    <ignored/>
  </testcase> <!-- Verify_shoppingCart_Gift_Test -->
  <testcase classname="Com.QA.Tests.PagesTest" name="Verify_Add_TO_Cart_Product_Desciption" time="0.0">
    <ignored/>
  </testcase> <!-- Verify_Add_TO_Cart_Product_Desciption -->
  <testcase classname="Com.QA.Tests.PagesTest" name="Register_Page_Url_Test" time="0.0">
    <ignored/>
  </testcase> <!-- Register_Page_Url_Test -->
  <testcase classname="Com.QA.Tests.PagesTest" name="Register_Page_Register2_Test" time="0.0">
    <ignored/>
  </testcase> <!-- Register_Page_Register2_Test -->
  <testcase classname="Com.QA.Tests.PagesTest" name="Verify_shoppingCart_Url_Test" time="0.0">
    <ignored/>
  </testcase> <!-- Verify_shoppingCart_Url_Test -->
  <testcase classname="Com.QA.Tests.PagesTest" name="Click_on_Login_Test" time="0.0">
    <ignored/>
  </testcase> <!-- Click_on_Login_Test -->
  <testcase classname="Com.QA.Tests.PagesTest" name="Verify_LoginPage_Info_Test" time="0.0">
    <ignored/>
  </testcase> <!-- Verify_LoginPage_Info_Test -->
  <testcase classname="Com.QA.Tests.PagesTest" name="Payment_Page_Shiping_Methods_Test" time="0.0">
    <ignored/>
  </testcase> <!-- Payment_Page_Shiping_Methods_Test -->
  <testcase classname="Com.QA.Tests.PagesTest" name="Home_Page_footer_Links_Test" time="0.0">
    <ignored/>
  </testcase> <!-- Home_Page_footer_Links_Test -->
  <testcase classname="Com.QA.Tests.PagesTest" name="Payment_Page_Order_Numberr_Test" time="0.0">
    <ignored/>
  </testcase> <!-- Payment_Page_Order_Numberr_Test -->
  <testcase classname="Com.QA.Tests.PagesTest" name="Verify_shoppingCart_Title_Test" time="0.0">
    <ignored/>
  </testcase> <!-- Verify_shoppingCart_Title_Test -->
  <testcase classname="Com.QA.Tests.PagesTest" name="Verify_shoppingCart_Product_Name_Test" time="0.0">
    <ignored/>
  </testcase> <!-- Verify_shoppingCart_Product_Name_Test -->
  <testcase classname="Com.QA.Tests.PagesTest" name="Register_Page_Title_Test" time="0.0">
    <ignored/>
  </testcase> <!-- Register_Page_Title_Test -->
  <testcase classname="Com.QA.Tests.PagesTest" name="Payment_Page_Final_Table_Test" time="0.0">
    <ignored/>
  </testcase> <!-- Payment_Page_Final_Table_Test -->
  <testcase classname="Com.QA.Tests.PagesTest" name="Home_Page_Url_Test" time="0.0">
    <ignored/>
  </testcase> <!-- Home_Page_Url_Test -->
  <testcase classname="Com.QA.Tests.PagesTest" name="Verify_Address_Page_Url_Test" time="0.0">
    <ignored/>
  </testcase> <!-- Verify_Address_Page_Url_Test -->
  <testcase classname="Com.QA.Tests.PagesTest" name="Payment_Page_Billing_Address_Test" time="0.0">
    <ignored/>
  </testcase> <!-- Payment_Page_Billing_Address_Test -->
  <testcase classname="Com.QA.Tests.PagesTest" name="Payment_Page_Payments_Information_Test" time="0.0">
    <ignored/>
  </testcase> <!-- Payment_Page_Payments_Information_Test -->
  <testcase classname="Com.QA.Tests.PagesTest" name="Home_Page_Products_Test" time="0.0">
    <ignored/>
  </testcase> <!-- Home_Page_Products_Test -->
  <testcase classname="Com.QA.Tests.PagesTest" name="Payment_Page_Shiping_Methods_Continue_Test" time="0.0">
    <ignored/>
  </testcase> <!-- Payment_Page_Shiping_Methods_Continue_Test -->
  <testcase classname="Com.QA.Tests.PagesTest" name="Home_Page_Products_Title_Test" time="0.0">
    <ignored/>
  </testcase> <!-- Home_Page_Products_Title_Test -->
  <testcase classname="Com.QA.Tests.PagesTest" name="Verify_Address_Page_logo_Test" time="0.0">
    <ignored/>
  </testcase> <!-- Verify_Address_Page_logo_Test -->
  <testcase classname="Com.QA.Tests.PagesTest" name="Home_Page_Header_Links_Test" time="0.0">
    <ignored/>
  </testcase> <!-- Home_Page_Header_Links_Test -->
  <testcase classname="Com.QA.Tests.PagesTest" name="Payment_Page_Title_Test" time="0.0">
    <ignored/>
  </testcase> <!-- Payment_Page_Title_Test -->
</testsuite> <!-- Default test -->
