<?xml version="1.0" encoding="UTF-8"?>
<!-- Generated by org.testng.reporters.JUnitXMLReporter -->
<testsuite ignored="0" hostname="DESKTOP-N3LRL61" failures="0" tests="47" name="Test" time="29.98" errors="0" timestamp="2023-11-15T12:15:51 IST">
  <testcase classname="Com.QA.Tests.PagesTest" name="Home_Page_Title_Test" time="0.027"/>
  <testcase classname="Com.QA.Tests.PagesTest" name="Home_Page_Url_Test" time="0.012"/>
  <testcase classname="Com.QA.Tests.PagesTest" name="Home_Page_Header_Links_Test" time="0.328"/>
  <testcase classname="Com.QA.Tests.PagesTest" name="Home_Page_footer_Links_Test" time="0.169"/>
  <testcase classname="Com.QA.Tests.PagesTest" name="Home_Page_Products_Test" time="0.013"/>
  <testcase classname="Com.QA.Tests.PagesTest" name="Home_Page_Products_Title_Test" time="0.047"/>
  <testcase classname="Com.QA.Tests.PagesTest" name="Home_Page_Logo_Test" time="0.058"/>
  <testcase classname="Com.QA.Tests.PagesTest" name="Home_Page_Customer_Currency_Test" time="0.042"/>
  <testcase classname="Com.QA.Tests.PagesTest" name="Register_Page_Title_Test" time="1.609"/>
  <testcase classname="Com.QA.Tests.PagesTest" name="Register_Page_Url_Test" time="0.011"/>
  <testcase classname="Com.QA.Tests.PagesTest" name="Register_Page_Register1_Test" time="2.064"/>
  <testcase classname="Com.QA.Tests.PagesTest" name="Register_Page_Register2_Test" time="1.597"/>
  <testcase classname="Com.QA.Tests.PagesTest" name="Click_on_Login_Test" time="0.648"/>
  <testcase classname="Com.QA.Tests.PagesTest" name="Verify_LoginPage_title_Test" time="0.012"/>
  <testcase classname="Com.QA.Tests.PagesTest" name="Verify_LoginPage_Url_Test" time="0.017"/>
  <testcase classname="Com.QA.Tests.PagesTest" name="Verify_LoginPage_Texts_Test" time="0.085"/>
  <testcase classname="Com.QA.Tests.PagesTest" name="Verify_LoginPage_Info_Test" time="0.034"/>
  <testcase classname="Com.QA.Tests.PagesTest" name="Verify_LoginPage_Login_Action_Test" time="1.124"/>
  <testcase classname="Com.QA.Tests.PagesTest" name="Verify_Add_TO_Cart_Title" time="1.186"/>
  <testcase classname="Com.QA.Tests.PagesTest" name="Verify_Add_TO_Cart_Url" time="0.011"/>
  <testcase classname="Com.QA.Tests.PagesTest" name="Verify_Add_TO_Cart_Product_Name" time="0.02"/>
  <testcase classname="Com.QA.Tests.PagesTest" name="Verify_Add_TO_Cart_Product_Desciption" time="0.027"/>
  <testcase classname="Com.QA.Tests.PagesTest" name="Verify_Add_TO_Cart_Product_Price" time="0.04"/>
  <testcase classname="Com.QA.Tests.PagesTest" name="Verify_Add_TO_Cart_Product_Full_Descirpition" time="0.061"/>
  <testcase classname="Com.QA.Tests.PagesTest" name="Verify_Add_TO_Cart_Product_Specification" time="1.941"/>
  <testcase classname="Com.QA.Tests.PagesTest" name="Verify_shoppingCart_Product_In_Cart_Test" time="0.054"/>
  <testcase classname="Com.QA.Tests.PagesTest" name="Verify_shoppingCart_Title_Test" time="0.005"/>
  <testcase classname="Com.QA.Tests.PagesTest" name="Verify_shoppingCart_Product_Name_Test" time="0.023"/>
  <testcase classname="Com.QA.Tests.PagesTest" name="Verify_shoppingCart_Url_Test" time="0.005"/>
  <testcase classname="Com.QA.Tests.PagesTest" name="Verify_shoppingCart_Gift_Test" time="0.025"/>
  <testcase classname="Com.QA.Tests.PagesTest" name="Verify_shoppingCart_Toatl_Test" time="0.121"/>
  <testcase classname="Com.QA.Tests.PagesTest" name="Verify_shoppingCart_Checout_Test" time="2.197"/>
  <testcase classname="Com.QA.Tests.PagesTest" name="Verify_Address_Page_Title_Test" time="0.01"/>
  <testcase classname="Com.QA.Tests.PagesTest" name="Verify_Address_Page_Url_Test" time="0.006"/>
  <testcase classname="Com.QA.Tests.PagesTest" name="Verify_Address_Page_logo_Test" time="0.06"/>
  <testcase classname="Com.QA.Tests.PagesTest" name="Verify_Address_Page_Data_Test" time="1.152"/>
  <testcase classname="Com.QA.Tests.PagesTest" name="Payment_Page_Title_Test" time="0.036"/>
  <testcase classname="Com.QA.Tests.PagesTest" name="Payment_Page_Url_Test" time="0.014"/>
  <testcase classname="Com.QA.Tests.PagesTest" name="Payment_Page_Shiping_Methods_Test" time="0.208"/>
  <testcase classname="Com.QA.Tests.PagesTest" name="Payment_Page_Shiping_Methods_Continue_Test" time="0.232"/>
  <testcase classname="Com.QA.Tests.PagesTest" name="Payment_Page_Payments_Methods_Test" time="0.265"/>
  <testcase classname="Com.QA.Tests.PagesTest" name="Payment_Page_Payments_Methods_Continue_Test" time="0.237"/>
  <testcase classname="Com.QA.Tests.PagesTest" name="Payment_Page_Payments_Information_Test" time="0.454"/>
  <testcase classname="Com.QA.Tests.PagesTest" name="Payment_Page_Billing_Address_Test" time="0.237"/>
  <testcase classname="Com.QA.Tests.PagesTest" name="Payment_Page_Shipping_Address_Test" time="0.058"/>
  <testcase classname="Com.QA.Tests.PagesTest" name="Payment_Page_Final_Table_Test" time="0.302"/>
  <testcase classname="Com.QA.Tests.PagesTest" name="Payment_Page_Order_Numberr_Test" time="0.837"/>
</testsuite> <!-- Test -->
